<?xml version="1.0" encoding="UTF-8"?>
<!-- Generated by org.testng.reporters.JUnitReportReporter -->
<testsuite hostname="DESKTOP-LE119FM" failures="0" tests="1" name="test.ValidLogin" time="19.532" errors="0" timestamp="2023-06-17T21:47:01 IST" skipped="0">
  <testcase classname="test.ValidLogin" name="testValidLogin" time="19.532"/>
  <system-out/>
</testsuite> <!-- test.ValidLogin -->
